This file contains any messages produced by compilers while
running configure, to aid debugging if configure makes a mistake.

It was created by fusionseq configure 0.7.0, which was
generated by GNU Autoconf 2.67.  Invocation command line was

  $ ./configure --no-create --no-recursion

## --------- ##
## Platform. ##
## --------- ##

hostname = crown
uname -m = x86_64
uname -r = 2.6.35-28-generic
uname -s = Linux
uname -v = #49-Ubuntu SMP Tue Mar 1 14:39:03 UTC 2011

/usr/bin/uname -p = unknown
/bin/uname -X     = unknown

/bin/arch              = unknown
/usr/bin/arch -k       = unknown
/usr/convex/getsysinfo = unknown
/usr/bin/hostinfo      = unknown
/bin/machine           = unknown
/usr/bin/oslevel       = unknown
/bin/universe          = unknown

PATH: /home/dzc/bin
PATH: /usr/local/sbin
PATH: /usr/local/bin
PATH: /usr/sbin
PATH: /usr/bin
PATH: /sbin
PATH: /bin
PATH: /usr/games


## ----------- ##
## Core tests. ##
## ----------- ##

configure:2563: checking for a BSD-compatible install
configure:2631: result: /usr/bin/install -c
configure:2642: checking whether build environment is sane
configure:2692: result: yes
configure:2833: checking for a thread-safe mkdir -p
configure:2872: result: /bin/mkdir -p
configure:2885: checking for gawk
configure:2901: found /usr/bin/gawk
configure:2912: result: gawk
configure:2923: checking whether make sets $(MAKE)
configure:2945: result: yes
configure:3054: checking build system type
configure:3068: result: x86_64-unknown-linux-gnu
configure:3088: checking host system type
configure:3101: result: x86_64-unknown-linux-gnu
configure:3133: checking for style of include used by make
configure:3161: result: GNU
configure:3231: checking for gcc
configure:3247: found /usr/bin/gcc
configure:3258: result: gcc
configure:3487: checking for C compiler version
configure:3496: gcc --version >&5
gcc (Ubuntu/Linaro 4.4.4-14ubuntu5) 4.4.5
Copyright (C) 2010 Free Software Foundation, Inc.
This is free software; see the source for copying conditions.  There is NO
warranty; not even for MERCHANTABILITY or FITNESS FOR A PARTICULAR PURPOSE.

configure:3507: $? = 0
configure:3496: gcc -v >&5
Using built-in specs.
Target: x86_64-linux-gnu
Configured with: ../src/configure -v --with-pkgversion='Ubuntu/Linaro 4.4.4-14ubuntu5' --with-bugurl=file:///usr/share/doc/gcc-4.4/README.Bugs --enable-languages=c,c++,fortran,objc,obj-c++ --prefix=/usr --program-suffix=-4.4 --enable-shared --enable-multiarch --enable-linker-build-id --with-system-zlib --libexecdir=/usr/lib --without-included-gettext --enable-threads=posix --with-gxx-include-dir=/usr/include/c++/4.4 --libdir=/usr/lib --enable-nls --with-sysroot=/ --enable-clocale=gnu --enable-libstdcxx-debug --enable-objc-gc --disable-werror --with-arch-32=i686 --with-tune=generic --enable-checking=release --build=x86_64-linux-gnu --host=x86_64-linux-gnu --target=x86_64-linux-gnu
Thread model: posix
gcc version 4.4.5 (Ubuntu/Linaro 4.4.4-14ubuntu5) 
configure:3507: $? = 0
configure:3496: gcc -V >&5
gcc: '-V' option must have argument
configure:3507: $? = 1
configure:3496: gcc -qversion >&5
gcc: unrecognized option '-qversion'
gcc: no input files
configure:3507: $? = 1
configure:3527: checking whether the C compiler works
configure:3549: gcc    conftest.c  >&5
configure:3553: $? = 0
configure:3601: result: yes
configure:3604: checking for C compiler default output file name
configure:3606: result: a.out
configure:3612: checking for suffix of executables
configure:3619: gcc -o conftest    conftest.c  >&5
configure:3623: $? = 0
configure:3645: result: 
configure:3667: checking whether we are cross compiling
configure:3675: gcc -o conftest    conftest.c  >&5
configure:3679: $? = 0
configure:3686: ./conftest
configure:3690: $? = 0
configure:3705: result: no
configure:3710: checking for suffix of object files
configure:3732: gcc -c   conftest.c >&5
configure:3736: $? = 0
configure:3757: result: o
configure:3761: checking whether we are using the GNU C compiler
configure:3780: gcc -c   conftest.c >&5
configure:3780: $? = 0
configure:3789: result: yes
configure:3798: checking whether gcc accepts -g
configure:3818: gcc -c -g  conftest.c >&5
configure:3818: $? = 0
configure:3859: result: yes
configure:3876: checking for gcc option to accept ISO C89
configure:3940: gcc  -c -g -O2  conftest.c >&5
configure:3940: $? = 0
configure:3953: result: none needed
configure:3975: checking dependency style of gcc
configure:4085: result: gcc3
configure:4100: checking for a sed that does not truncate output
configure:4164: result: /bin/sed
configure:4182: checking for grep that handles long lines and -e
configure:4240: result: /bin/grep
configure:4245: checking for egrep
configure:4307: result: /bin/grep -E
configure:4312: checking for fgrep
configure:4374: result: /bin/grep -F
configure:4409: checking for ld used by gcc
configure:4476: result: /usr/bin/ld
configure:4483: checking if the linker (/usr/bin/ld) is GNU ld
configure:4498: result: yes
configure:4510: checking for BSD- or MS-compatible name lister (nm)
configure:4559: result: /usr/bin/nm -B
configure:4677: checking the name lister (/usr/bin/nm -B) interface
configure:4684: gcc -c -g -O2  conftest.c >&5
configure:4687: /usr/bin/nm -B "conftest.o"
configure:4690: output
0000000000000000 B some_variable
configure:4697: result: BSD nm
configure:4700: checking whether ln -s works
configure:4704: result: yes
configure:4712: checking the maximum length of command line arguments
configure:4832: result: 3458764513820540925
configure:4849: checking whether the shell understands some XSI constructs
configure:4859: result: yes
configure:4863: checking whether the shell understands "+="
configure:4869: result: yes
configure:4904: checking for /usr/bin/ld option to reload object files
configure:4911: result: -r
configure:4980: checking for objdump
configure:4996: found /usr/bin/objdump
configure:5007: result: objdump
configure:5039: checking how to recognize dependent libraries
configure:5235: result: pass_all
configure:5295: checking for ar
configure:5311: found /usr/bin/ar
configure:5322: result: ar
configure:5400: checking for strip
configure:5416: found /usr/bin/strip
configure:5427: result: strip
configure:5499: checking for ranlib
configure:5515: found /usr/bin/ranlib
configure:5526: result: ranlib
configure:5616: checking command to parse /usr/bin/nm -B output from gcc object
configure:5734: gcc -c -g -O2  conftest.c >&5
configure:5737: $? = 0
configure:5741: /usr/bin/nm -B conftest.o \| sed -n -e 's/^.*[	 ]\([ABCDGIRSTW][ABCDGIRSTW]*\)[	 ][	 ]*\([_A-Za-z][_A-Za-z0-9]*\)$/\1 \2 \2/p' \> conftest.nm
configure:5744: $? = 0
configure:5798: gcc -o conftest -g -O2   conftest.c conftstm.o >&5
configure:5801: $? = 0
configure:5839: result: ok
configure:5935: gcc -c -g -O2  conftest.c >&5
configure:5938: $? = 0
configure:6648: checking how to run the C preprocessor
configure:6679: gcc -E  conftest.c
configure:6679: $? = 0
configure:6693: gcc -E  conftest.c
conftest.c:11: fatal error: ac_nonexistent.h: No such file or directory
compilation terminated.
configure:6693: $? = 1
configure: failed program was:
| /* confdefs.h */
| #define PACKAGE_NAME "fusionseq"
| #define PACKAGE_TARNAME "fusionseq"
| #define PACKAGE_VERSION "0.7.0"
| #define PACKAGE_STRING "fusionseq 0.7.0"
| #define PACKAGE_BUGREPORT "david.chen@yale.edu"
| #define PACKAGE_URL ""
| #define PACKAGE "fusionseq"
| #define VERSION "0.7.0"
| /* end confdefs.h.  */
| #include <ac_nonexistent.h>
configure:6718: result: gcc -E
configure:6738: gcc -E  conftest.c
configure:6738: $? = 0
configure:6752: gcc -E  conftest.c
conftest.c:11: fatal error: ac_nonexistent.h: No such file or directory
compilation terminated.
configure:6752: $? = 1
configure: failed program was:
| /* confdefs.h */
| #define PACKAGE_NAME "fusionseq"
| #define PACKAGE_TARNAME "fusionseq"
| #define PACKAGE_VERSION "0.7.0"
| #define PACKAGE_STRING "fusionseq 0.7.0"
| #define PACKAGE_BUGREPORT "david.chen@yale.edu"
| #define PACKAGE_URL ""
| #define PACKAGE "fusionseq"
| #define VERSION "0.7.0"
| /* end confdefs.h.  */
| #include <ac_nonexistent.h>
configure:6781: checking for ANSI C header files
configure:6801: gcc -c -g -O2  conftest.c >&5
configure:6801: $? = 0
configure:6874: gcc -o conftest -g -O2   conftest.c  >&5
configure:6874: $? = 0
configure:6874: ./conftest
configure:6874: $? = 0
configure:6885: result: yes
configure:6898: checking for sys/types.h
configure:6898: gcc -c -g -O2  conftest.c >&5
configure:6898: $? = 0
configure:6898: result: yes
configure:6898: checking for sys/stat.h
configure:6898: gcc -c -g -O2  conftest.c >&5
configure:6898: $? = 0
configure:6898: result: yes
configure:6898: checking for stdlib.h
configure:6898: gcc -c -g -O2  conftest.c >&5
configure:6898: $? = 0
configure:6898: result: yes
configure:6898: checking for string.h
configure:6898: gcc -c -g -O2  conftest.c >&5
configure:6898: $? = 0
configure:6898: result: yes
configure:6898: checking for memory.h
configure:6898: gcc -c -g -O2  conftest.c >&5
configure:6898: $? = 0
configure:6898: result: yes
configure:6898: checking for strings.h
configure:6898: gcc -c -g -O2  conftest.c >&5
configure:6898: $? = 0
configure:6898: result: yes
configure:6898: checking for inttypes.h
configure:6898: gcc -c -g -O2  conftest.c >&5
configure:6898: $? = 0
configure:6898: result: yes
configure:6898: checking for stdint.h
configure:6898: gcc -c -g -O2  conftest.c >&5
configure:6898: $? = 0
configure:6898: result: yes
configure:6898: checking for unistd.h
configure:6898: gcc -c -g -O2  conftest.c >&5
configure:6898: $? = 0
configure:6898: result: yes
configure:6912: checking for dlfcn.h
configure:6912: gcc -c -g -O2  conftest.c >&5
configure:6912: $? = 0
configure:6912: result: yes
configure:7096: checking for objdir
configure:7111: result: .libs
configure:7407: checking if gcc supports -fno-rtti -fno-exceptions
configure:7425: gcc -c -g -O2  -fno-rtti -fno-exceptions conftest.c >&5
cc1: warning: command line option "-fno-rtti" is valid for C++/ObjC++ but not for C
configure:7429: $? = 0
configure:7442: result: no
configure:7462: checking for gcc option to produce PIC
configure:7734: result: -fPIC -DPIC
configure:7746: checking if gcc PIC flag -fPIC -DPIC works
configure:7764: gcc -c -g -O2  -fPIC -DPIC -DPIC conftest.c >&5
configure:7768: $? = 0
configure:7781: result: yes
configure:7805: checking if gcc static flag -static works
configure:7833: result: yes
configure:7848: checking if gcc supports -c -o file.o
configure:7869: gcc -c -g -O2  -o out/conftest2.o conftest.c >&5
configure:7873: $? = 0
configure:7895: result: yes
configure:7903: checking if gcc supports -c -o file.o
configure:7950: result: yes
configure:7983: checking whether the gcc linker (/usr/bin/ld -m elf_x86_64) supports shared libraries
configure:8974: result: yes
configure:9011: checking whether -lc should be explicitly linked in
configure:9016: gcc -c -g -O2  conftest.c >&5
configure:9019: $? = 0
configure:9034: gcc -shared conftest.o  -v -Wl,-soname -Wl,conftest -o conftest 2\>\&1 \| /bin/grep  -lc  \>/dev/null 2\>\&1
configure:9037: $? = 0
configure:9049: result: no
configure:9213: checking dynamic linker characteristics
configure:9646: gcc -o conftest -g -O2   -Wl,-rpath -Wl,/foo conftest.c  >&5
configure:9646: $? = 0
configure:9876: result: GNU/Linux ld.so
configure:9978: checking how to hardcode library paths into programs
configure:10003: result: immediate
configure:10523: checking whether stripping libraries is possible
configure:10528: result: yes
configure:10563: checking if libtool supports shared libraries
configure:10565: result: yes
configure:10568: checking whether to build shared libraries
configure:10589: result: yes
configure:10592: checking whether to build static libraries
configure:10596: result: yes
configure:10681: checking for gcc
configure:10708: result: gcc
configure:10937: checking for C compiler version
configure:10946: gcc --version >&5
gcc (Ubuntu/Linaro 4.4.4-14ubuntu5) 4.4.5
Copyright (C) 2010 Free Software Foundation, Inc.
This is free software; see the source for copying conditions.  There is NO
warranty; not even for MERCHANTABILITY or FITNESS FOR A PARTICULAR PURPOSE.

configure:10957: $? = 0
configure:10946: gcc -v >&5
Using built-in specs.
Target: x86_64-linux-gnu
Configured with: ../src/configure -v --with-pkgversion='Ubuntu/Linaro 4.4.4-14ubuntu5' --with-bugurl=file:///usr/share/doc/gcc-4.4/README.Bugs --enable-languages=c,c++,fortran,objc,obj-c++ --prefix=/usr --program-suffix=-4.4 --enable-shared --enable-multiarch --enable-linker-build-id --with-system-zlib --libexecdir=/usr/lib --without-included-gettext --enable-threads=posix --with-gxx-include-dir=/usr/include/c++/4.4 --libdir=/usr/lib --enable-nls --with-sysroot=/ --enable-clocale=gnu --enable-libstdcxx-debug --enable-objc-gc --disable-werror --with-arch-32=i686 --with-tune=generic --enable-checking=release --build=x86_64-linux-gnu --host=x86_64-linux-gnu --target=x86_64-linux-gnu
Thread model: posix
gcc version 4.4.5 (Ubuntu/Linaro 4.4.4-14ubuntu5) 
configure:10957: $? = 0
configure:10946: gcc -V >&5
gcc: '-V' option must have argument
configure:10957: $? = 1
configure:10946: gcc -qversion >&5
gcc: unrecognized option '-qversion'
gcc: no input files
configure:10957: $? = 1
configure:10961: checking whether we are using the GNU C compiler
configure:10989: result: yes
configure:10998: checking whether gcc accepts -g
configure:11059: result: yes
configure:11076: checking for gcc option to accept ISO C89
configure:11153: result: none needed
configure:11175: checking dependency style of gcc
configure:11285: result: gcc3
configure:11358: checking for g++
configure:11374: found /usr/bin/g++
configure:11385: result: g++
configure:11412: checking for C++ compiler version
configure:11421: g++ --version >&5
g++ (Ubuntu/Linaro 4.4.4-14ubuntu5) 4.4.5
Copyright (C) 2010 Free Software Foundation, Inc.
This is free software; see the source for copying conditions.  There is NO
warranty; not even for MERCHANTABILITY or FITNESS FOR A PARTICULAR PURPOSE.

configure:11432: $? = 0
configure:11421: g++ -v >&5
Using built-in specs.
Target: x86_64-linux-gnu
Configured with: ../src/configure -v --with-pkgversion='Ubuntu/Linaro 4.4.4-14ubuntu5' --with-bugurl=file:///usr/share/doc/gcc-4.4/README.Bugs --enable-languages=c,c++,fortran,objc,obj-c++ --prefix=/usr --program-suffix=-4.4 --enable-shared --enable-multiarch --enable-linker-build-id --with-system-zlib --libexecdir=/usr/lib --without-included-gettext --enable-threads=posix --with-gxx-include-dir=/usr/include/c++/4.4 --libdir=/usr/lib --enable-nls --with-sysroot=/ --enable-clocale=gnu --enable-libstdcxx-debug --enable-objc-gc --disable-werror --with-arch-32=i686 --with-tune=generic --enable-checking=release --build=x86_64-linux-gnu --host=x86_64-linux-gnu --target=x86_64-linux-gnu
Thread model: posix
gcc version 4.4.5 (Ubuntu/Linaro 4.4.4-14ubuntu5) 
configure:11432: $? = 0
configure:11421: g++ -V >&5
g++: '-V' option must have argument
configure:11432: $? = 1
configure:11421: g++ -qversion >&5
g++: unrecognized option '-qversion'
g++: no input files
configure:11432: $? = 1
configure:11436: checking whether we are using the GNU C++ compiler
configure:11455: g++ -c   conftest.cpp >&5
configure:11455: $? = 0
configure:11464: result: yes
configure:11473: checking whether g++ accepts -g
configure:11493: g++ -c -g  conftest.cpp >&5
configure:11493: $? = 0
configure:11534: result: yes
configure:11559: checking dependency style of g++
configure:11669: result: gcc3
configure:11797: checking for C++ compiler version
configure:11806: g++ --version >&5
g++ (Ubuntu/Linaro 4.4.4-14ubuntu5) 4.4.5
Copyright (C) 2010 Free Software Foundation, Inc.
This is free software; see the source for copying conditions.  There is NO
warranty; not even for MERCHANTABILITY or FITNESS FOR A PARTICULAR PURPOSE.

configure:11817: $? = 0
configure:11806: g++ -v >&5
Using built-in specs.
Target: x86_64-linux-gnu
Configured with: ../src/configure -v --with-pkgversion='Ubuntu/Linaro 4.4.4-14ubuntu5' --with-bugurl=file:///usr/share/doc/gcc-4.4/README.Bugs --enable-languages=c,c++,fortran,objc,obj-c++ --prefix=/usr --program-suffix=-4.4 --enable-shared --enable-multiarch --enable-linker-build-id --with-system-zlib --libexecdir=/usr/lib --without-included-gettext --enable-threads=posix --with-gxx-include-dir=/usr/include/c++/4.4 --libdir=/usr/lib --enable-nls --with-sysroot=/ --enable-clocale=gnu --enable-libstdcxx-debug --enable-objc-gc --disable-werror --with-arch-32=i686 --with-tune=generic --enable-checking=release --build=x86_64-linux-gnu --host=x86_64-linux-gnu --target=x86_64-linux-gnu
Thread model: posix
gcc version 4.4.5 (Ubuntu/Linaro 4.4.4-14ubuntu5) 
configure:11817: $? = 0
configure:11806: g++ -V >&5
g++: '-V' option must have argument
configure:11817: $? = 1
configure:11806: g++ -qversion >&5
g++: unrecognized option '-qversion'
g++: no input files
configure:11817: $? = 1
configure:11821: checking whether we are using the GNU C++ compiler
configure:11849: result: yes
configure:11858: checking whether g++ accepts -g
configure:11919: result: yes
configure:11944: checking dependency style of g++
configure:12054: result: gcc3
configure:12077: checking how to run the C++ preprocessor
configure:12104: g++ -E  conftest.cpp
configure:12104: $? = 0
configure:12118: g++ -E  conftest.cpp
conftest.cpp:23: fatal error: ac_nonexistent.h: No such file or directory
compilation terminated.
configure:12118: $? = 1
configure: failed program was:
| /* confdefs.h */
| #define PACKAGE_NAME "fusionseq"
| #define PACKAGE_TARNAME "fusionseq"
| #define PACKAGE_VERSION "0.7.0"
| #define PACKAGE_STRING "fusionseq 0.7.0"
| #define PACKAGE_BUGREPORT "david.chen@yale.edu"
| #define PACKAGE_URL ""
| #define PACKAGE "fusionseq"
| #define VERSION "0.7.0"
| #define STDC_HEADERS 1
| #define HAVE_SYS_TYPES_H 1
| #define HAVE_SYS_STAT_H 1
| #define HAVE_STDLIB_H 1
| #define HAVE_STRING_H 1
| #define HAVE_MEMORY_H 1
| #define HAVE_STRINGS_H 1
| #define HAVE_INTTYPES_H 1
| #define HAVE_STDINT_H 1
| #define HAVE_UNISTD_H 1
| #define HAVE_DLFCN_H 1
| #define LT_OBJDIR ".libs/"
| /* end confdefs.h.  */
| #include <ac_nonexistent.h>
configure:12143: result: g++ -E
configure:12163: g++ -E  conftest.cpp
configure:12163: $? = 0
configure:12177: g++ -E  conftest.cpp
conftest.cpp:23: fatal error: ac_nonexistent.h: No such file or directory
compilation terminated.
configure:12177: $? = 1
configure: failed program was:
| /* confdefs.h */
| #define PACKAGE_NAME "fusionseq"
| #define PACKAGE_TARNAME "fusionseq"
| #define PACKAGE_VERSION "0.7.0"
| #define PACKAGE_STRING "fusionseq 0.7.0"
| #define PACKAGE_BUGREPORT "david.chen@yale.edu"
| #define PACKAGE_URL ""
| #define PACKAGE "fusionseq"
| #define VERSION "0.7.0"
| #define STDC_HEADERS 1
| #define HAVE_SYS_TYPES_H 1
| #define HAVE_SYS_STAT_H 1
| #define HAVE_STDLIB_H 1
| #define HAVE_STRING_H 1
| #define HAVE_MEMORY_H 1
| #define HAVE_STRINGS_H 1
| #define HAVE_INTTYPES_H 1
| #define HAVE_STDINT_H 1
| #define HAVE_UNISTD_H 1
| #define HAVE_DLFCN_H 1
| #define LT_OBJDIR ".libs/"
| /* end confdefs.h.  */
| #include <ac_nonexistent.h>
configure:12345: checking for ld used by g++
configure:12412: result: /usr/bin/ld -m elf_x86_64
configure:12419: checking if the linker (/usr/bin/ld -m elf_x86_64) is GNU ld
configure:12434: result: yes
configure:12489: checking whether the g++ linker (/usr/bin/ld -m elf_x86_64) supports shared libraries
configure:13402: result: yes
configure:13430: g++ -c -g -O2  conftest.cpp >&5
configure:13433: $? = 0
configure:13615: checking for g++ option to produce PIC
configure:13932: result: -fPIC -DPIC
configure:13941: checking if g++ PIC flag -fPIC -DPIC works
configure:13959: g++ -c -g -O2  -fPIC -DPIC -DPIC conftest.cpp >&5
configure:13963: $? = 0
configure:13976: result: yes
configure:13997: checking if g++ static flag -static works
configure:14025: result: yes
configure:14037: checking if g++ supports -c -o file.o
configure:14058: g++ -c -g -O2  -o out/conftest2.o conftest.cpp >&5
configure:14062: $? = 0
configure:14084: result: yes
configure:14089: checking if g++ supports -c -o file.o
configure:14136: result: yes
configure:14166: checking whether the g++ linker (/usr/bin/ld -m elf_x86_64) supports shared libraries
configure:14195: result: yes
configure:14332: checking dynamic linker characteristics
configure:14713: g++ -o conftest -g -O2   -Wl,-rpath -Wl,/foo conftest.cpp  >&5
configure:14713: $? = 0
configure:14943: result: GNU/Linux ld.so
configure:14994: checking how to hardcode library paths into programs
configure:15019: result: immediate
configure:15076: checking for root-config
configure:15094: found /usr/bin/root-config
configure:15107: result: /usr/bin/root-config
configure:15117: checking for root
configure:15135: found /usr/bin/root
configure:15148: result: /usr/bin/root
configure:15158: checking for rootcint
configure:15176: found /usr/bin/rootcint
configure:15189: result: /usr/bin/rootcint
configure:15252: checking for log in -lm
configure:15277: gcc -o conftest -g -O2   conftest.c -lm   >&5
conftest.c:30: warning: conflicting types for built-in function 'log'
configure:15277: $? = 0
configure:15286: result: yes
configure:15299: checking for cblas_dgemm in -lgslcblas
configure:15324: gcc -o conftest -g -O2   conftest.c -lgslcblas  -lm  >&5
configure:15324: $? = 0
configure:15333: result: yes
configure:15346: checking for gsl_ran_hypergeometric_pdf in -lgsl
configure:15371: gcc -o conftest -g -O2   conftest.c -lgsl  -lgslcblas -lm  >&5
configure:15371: $? = 0
configure:15380: result: yes
configure:15393: checking for needMem in -lbios
configure:15418: gcc -o conftest -g -O2   conftest.c -lbios  -lgsl -lgslcblas -lm  >&5
configure:15418: $? = 0
configure:15427: result: yes
configure:15440: checking for mrf_init in -lmrf
configure:15465: gcc -o conftest -g -O2   conftest.c -lmrf  -lbios -lgsl -lgslcblas -lm  >&5
configure:15465: $? = 0
configure:15474: result: yes
configure:15500: checking for gdlib-config
configure:15519: found /usr/bin/gdlib-config
configure:15531: result: /usr/bin/gdlib-config
configure:15633: checking for gdImageCreate in -lgd
configure:15658: gcc -o conftest -I/usr/include -g -O2  -L/usr/lib -Wl,-Bsymbolic-functions  conftest.c -lgd -lXpm -lX11 -ljpeg -lfontconfig -lfreetype -lpng12 -lz -lm -lmrf -lbios -lgsl -lgslcblas -lm  >&5
configure:15658: $? = 0
configure:15667: result: yes
configure:15674: checking for gdImageGif in -lgd
configure:15699: gcc -o conftest -I/usr/include -g -O2  -L/usr/lib -Wl,-Bsymbolic-functions  conftest.c -lgd -lXpm -lX11 -ljpeg -lfontconfig -lfreetype -lpng12 -lz -lm -lmrf -lbios -lgsl -lgslcblas -lm  >&5
configure:15699: $? = 0
configure:15708: result: yes
configure:15716: checking for gdImageJpeg in -lgd
configure:15741: gcc -o conftest -I/usr/include -g -O2  -L/usr/lib -Wl,-Bsymbolic-functions  conftest.c -lgd -lXpm -lX11 -ljpeg -lfontconfig -lfreetype -lpng12 -lz -lm -lmrf -lbios -lgsl -lgslcblas -lm  >&5
configure:15741: $? = 0
configure:15750: result: yes
configure:15758: checking for gdImagePng in -lgd
configure:15783: gcc -o conftest -I/usr/include -g -O2  -L/usr/lib -Wl,-Bsymbolic-functions  conftest.c -lgd -lXpm -lX11 -ljpeg -lfontconfig -lfreetype -lpng12 -lz -lm -lmrf -lbios -lgsl -lgslcblas -lm  >&5
configure:15783: $? = 0
configure:15792: result: yes
configure:15826: checking for stdlib.h
configure:15826: result: yes
configure:15826: checking for string.h
configure:15826: result: yes
configure:15826: checking for unistd.h
configure:15826: result: yes
configure:15838: checking gd.h usability
configure:15838: gcc -c -g -O2  conftest.c >&5
configure:15838: $? = 0
configure:15838: result: yes
configure:15838: checking gd.h presence
configure:15838: gcc -E  conftest.c
configure:15838: $? = 0
configure:15838: result: yes
configure:15838: checking for gd.h
configure:15838: result: yes
configure:15850: checking for stdbool.h that conforms to C99
configure:15935: gcc -c -g -O2  conftest.c >&5
configure:15935: $? = 0
configure:15942: result: yes
configure:15944: checking for _Bool
configure:15944: gcc -c -g -O2  conftest.c >&5
configure:15944: $? = 0
configure:15944: gcc -c -g -O2  conftest.c >&5
conftest.c: In function 'main':
conftest.c:72: error: expected expression before ')' token
configure:15944: $? = 1
configure: failed program was:
| /* confdefs.h */
| #define PACKAGE_NAME "fusionseq"
| #define PACKAGE_TARNAME "fusionseq"
| #define PACKAGE_VERSION "0.7.0"
| #define PACKAGE_STRING "fusionseq 0.7.0"
| #define PACKAGE_BUGREPORT "david.chen@yale.edu"
| #define PACKAGE_URL ""
| #define PACKAGE "fusionseq"
| #define VERSION "0.7.0"
| #define STDC_HEADERS 1
| #define HAVE_SYS_TYPES_H 1
| #define HAVE_SYS_STAT_H 1
| #define HAVE_STDLIB_H 1
| #define HAVE_STRING_H 1
| #define HAVE_MEMORY_H 1
| #define HAVE_STRINGS_H 1
| #define HAVE_INTTYPES_H 1
| #define HAVE_STDINT_H 1
| #define HAVE_UNISTD_H 1
| #define HAVE_DLFCN_H 1
| #define LT_OBJDIR ".libs/"
| #define HAVE_LIBM 1
| #define HAVE_LIBGSLCBLAS 1
| #define HAVE_LIBGSL 1
| #define HAVE_LIBBIOS 1
| #define HAVE_LIBMRF 1
| #define HAVE_GD 1
| #define HAVE_GD_GIF 1
| #define HAVE_GD_JPEG 1
| #define HAVE_GD_PNG 1
| #define HAVE_STDLIB_H 1
| #define HAVE_STRING_H 1
| #define HAVE_UNISTD_H 1
| #define HAVE_GD_H 1
| /* end confdefs.h.  */
| #include <stdio.h>
| #ifdef HAVE_SYS_TYPES_H
| # include <sys/types.h>
| #endif
| #ifdef HAVE_SYS_STAT_H
| # include <sys/stat.h>
| #endif
| #ifdef STDC_HEADERS
| # include <stdlib.h>
| # include <stddef.h>
| #else
| # ifdef HAVE_STDLIB_H
| #  include <stdlib.h>
| # endif
| #endif
| #ifdef HAVE_STRING_H
| # if !defined STDC_HEADERS && defined HAVE_MEMORY_H
| #  include <memory.h>
| # endif
| # include <string.h>
| #endif
| #ifdef HAVE_STRINGS_H
| # include <strings.h>
| #endif
| #ifdef HAVE_INTTYPES_H
| # include <inttypes.h>
| #endif
| #ifdef HAVE_STDINT_H
| # include <stdint.h>
| #endif
| #ifdef HAVE_UNISTD_H
| # include <unistd.h>
| #endif
| int
| main ()
| {
| if (sizeof ((_Bool)))
| 	    return 0;
|   ;
|   return 0;
| }
configure:15944: result: yes
configure:15960: checking for size_t
configure:15960: gcc -c -g -O2  conftest.c >&5
configure:15960: $? = 0
configure:15960: gcc -c -g -O2  conftest.c >&5
conftest.c: In function 'main':
conftest.c:74: error: expected expression before ')' token
configure:15960: $? = 1
configure: failed program was:
| /* confdefs.h */
| #define PACKAGE_NAME "fusionseq"
| #define PACKAGE_TARNAME "fusionseq"
| #define PACKAGE_VERSION "0.7.0"
| #define PACKAGE_STRING "fusionseq 0.7.0"
| #define PACKAGE_BUGREPORT "david.chen@yale.edu"
| #define PACKAGE_URL ""
| #define PACKAGE "fusionseq"
| #define VERSION "0.7.0"
| #define STDC_HEADERS 1
| #define HAVE_SYS_TYPES_H 1
| #define HAVE_SYS_STAT_H 1
| #define HAVE_STDLIB_H 1
| #define HAVE_STRING_H 1
| #define HAVE_MEMORY_H 1
| #define HAVE_STRINGS_H 1
| #define HAVE_INTTYPES_H 1
| #define HAVE_STDINT_H 1
| #define HAVE_UNISTD_H 1
| #define HAVE_DLFCN_H 1
| #define LT_OBJDIR ".libs/"
| #define HAVE_LIBM 1
| #define HAVE_LIBGSLCBLAS 1
| #define HAVE_LIBGSL 1
| #define HAVE_LIBBIOS 1
| #define HAVE_LIBMRF 1
| #define HAVE_GD 1
| #define HAVE_GD_GIF 1
| #define HAVE_GD_JPEG 1
| #define HAVE_GD_PNG 1
| #define HAVE_STDLIB_H 1
| #define HAVE_STRING_H 1
| #define HAVE_UNISTD_H 1
| #define HAVE_GD_H 1
| #define HAVE__BOOL 1
| #define HAVE_STDBOOL_H 1
| /* end confdefs.h.  */
| #include <stdio.h>
| #ifdef HAVE_SYS_TYPES_H
| # include <sys/types.h>
| #endif
| #ifdef HAVE_SYS_STAT_H
| # include <sys/stat.h>
| #endif
| #ifdef STDC_HEADERS
| # include <stdlib.h>
| # include <stddef.h>
| #else
| # ifdef HAVE_STDLIB_H
| #  include <stdlib.h>
| # endif
| #endif
| #ifdef HAVE_STRING_H
| # if !defined STDC_HEADERS && defined HAVE_MEMORY_H
| #  include <memory.h>
| # endif
| # include <string.h>
| #endif
| #ifdef HAVE_STRINGS_H
| # include <strings.h>
| #endif
| #ifdef HAVE_INTTYPES_H
| # include <inttypes.h>
| #endif
| #ifdef HAVE_STDINT_H
| # include <stdint.h>
| #endif
| #ifdef HAVE_UNISTD_H
| # include <unistd.h>
| #endif
| int
| main ()
| {
| if (sizeof ((size_t)))
| 	    return 0;
|   ;
|   return 0;
| }
configure:15960: result: yes
configure:15975: checking for stdlib.h
configure:15975: result: yes
configure:15985: checking for GNU libc compatible malloc
configure:16009: gcc -o conftest -g -O2   conftest.c -lmrf -lbios -lgsl -lgslcblas -lm  >&5
configure:16009: $? = 0
configure:16009: ./conftest
./conftest: error while loading shared libraries: libmrf.so.0: cannot open shared object file: No such file or directory
configure:16009: $? = 127
configure: program exited with status 127
configure: failed program was:
| /* confdefs.h */
| #define PACKAGE_NAME "fusionseq"
| #define PACKAGE_TARNAME "fusionseq"
| #define PACKAGE_VERSION "0.7.0"
| #define PACKAGE_STRING "fusionseq 0.7.0"
| #define PACKAGE_BUGREPORT "david.chen@yale.edu"
| #define PACKAGE_URL ""
| #define PACKAGE "fusionseq"
| #define VERSION "0.7.0"
| #define STDC_HEADERS 1
| #define HAVE_SYS_TYPES_H 1
| #define HAVE_SYS_STAT_H 1
| #define HAVE_STDLIB_H 1
| #define HAVE_STRING_H 1
| #define HAVE_MEMORY_H 1
| #define HAVE_STRINGS_H 1
| #define HAVE_INTTYPES_H 1
| #define HAVE_STDINT_H 1
| #define HAVE_UNISTD_H 1
| #define HAVE_DLFCN_H 1
| #define LT_OBJDIR ".libs/"
| #define HAVE_LIBM 1
| #define HAVE_LIBGSLCBLAS 1
| #define HAVE_LIBGSL 1
| #define HAVE_LIBBIOS 1
| #define HAVE_LIBMRF 1
| #define HAVE_GD 1
| #define HAVE_GD_GIF 1
| #define HAVE_GD_JPEG 1
| #define HAVE_GD_PNG 1
| #define HAVE_STDLIB_H 1
| #define HAVE_STRING_H 1
| #define HAVE_UNISTD_H 1
| #define HAVE_GD_H 1
| #define HAVE__BOOL 1
| #define HAVE_STDBOOL_H 1
| #define HAVE_STDLIB_H 1
| /* end confdefs.h.  */
| #if defined STDC_HEADERS || defined HAVE_STDLIB_H
| # include <stdlib.h>
| #else
| char *malloc ();
| #endif
| 
| int
| main ()
| {
| return ! malloc (0);
|   ;
|   return 0;
| }
configure:16019: result: no
configure:16042: checking for stdlib.h
configure:16042: result: yes
configure:16052: checking for GNU libc compatible realloc
configure:16076: gcc -o conftest -g -O2   conftest.c -lmrf -lbios -lgsl -lgslcblas -lm  >&5
configure:16076: $? = 0
configure:16076: ./conftest
./conftest: error while loading shared libraries: libmrf.so.0: cannot open shared object file: No such file or directory
configure:16076: $? = 127
configure: program exited with status 127
configure: failed program was:
| /* confdefs.h */
| #define PACKAGE_NAME "fusionseq"
| #define PACKAGE_TARNAME "fusionseq"
| #define PACKAGE_VERSION "0.7.0"
| #define PACKAGE_STRING "fusionseq 0.7.0"
| #define PACKAGE_BUGREPORT "david.chen@yale.edu"
| #define PACKAGE_URL ""
| #define PACKAGE "fusionseq"
| #define VERSION "0.7.0"
| #define STDC_HEADERS 1
| #define HAVE_SYS_TYPES_H 1
| #define HAVE_SYS_STAT_H 1
| #define HAVE_STDLIB_H 1
| #define HAVE_STRING_H 1
| #define HAVE_MEMORY_H 1
| #define HAVE_STRINGS_H 1
| #define HAVE_INTTYPES_H 1
| #define HAVE_STDINT_H 1
| #define HAVE_UNISTD_H 1
| #define HAVE_DLFCN_H 1
| #define LT_OBJDIR ".libs/"
| #define HAVE_LIBM 1
| #define HAVE_LIBGSLCBLAS 1
| #define HAVE_LIBGSL 1
| #define HAVE_LIBBIOS 1
| #define HAVE_LIBMRF 1
| #define HAVE_GD 1
| #define HAVE_GD_GIF 1
| #define HAVE_GD_JPEG 1
| #define HAVE_GD_PNG 1
| #define HAVE_STDLIB_H 1
| #define HAVE_STRING_H 1
| #define HAVE_UNISTD_H 1
| #define HAVE_GD_H 1
| #define HAVE__BOOL 1
| #define HAVE_STDBOOL_H 1
| #define HAVE_STDLIB_H 1
| #define HAVE_MALLOC 0
| #define malloc rpl_malloc
| #define HAVE_STDLIB_H 1
| /* end confdefs.h.  */
| #if defined STDC_HEADERS || defined HAVE_STDLIB_H
| # include <stdlib.h>
| #else
| char *realloc ();
| #endif
| 
| int
| main ()
| {
| return ! realloc (0, 0);
|   ;
|   return 0;
| }
configure:16086: result: no
configure:16110: checking for getcwd
configure:16110: gcc -o conftest -g -O2   conftest.c -lmrf -lbios -lgsl -lgslcblas -lm  >&5
configure:16110: $? = 0
configure:16110: result: yes
configure:16110: checking for pathconf
configure:16110: gcc -o conftest -g -O2   conftest.c -lmrf -lbios -lgsl -lgslcblas -lm  >&5
configure:16110: $? = 0
configure:16110: result: yes
configure:16110: checking for rint
configure:16110: gcc -o conftest -g -O2   conftest.c -lmrf -lbios -lgsl -lgslcblas -lm  >&5
conftest.c:69: warning: conflicting types for built-in function 'rint'
configure:16110: $? = 0
configure:16110: result: yes
configure:16110: checking for setenv
configure:16110: gcc -o conftest -g -O2   conftest.c -lmrf -lbios -lgsl -lgslcblas -lm  >&5
configure:16110: $? = 0
configure:16110: result: yes
configure:16110: checking for strchr
configure:16110: gcc -o conftest -g -O2   conftest.c -lmrf -lbios -lgsl -lgslcblas -lm  >&5
conftest.c:71: warning: conflicting types for built-in function 'strchr'
configure:16110: $? = 0
configure:16110: result: yes
configure:16110: checking for strdup
configure:16110: gcc -o conftest -g -O2   conftest.c -lmrf -lbios -lgsl -lgslcblas -lm  >&5
conftest.c:72: warning: conflicting types for built-in function 'strdup'
configure:16110: $? = 0
configure:16110: result: yes
configure:16110: checking for strstr
configure:16110: gcc -o conftest -g -O2   conftest.c -lmrf -lbios -lgsl -lgslcblas -lm  >&5
conftest.c:73: warning: conflicting types for built-in function 'strstr'
configure:16110: $? = 0
configure:16110: result: yes
configure:16253: creating ./config.status

## ---------------- ##
## Cache variables. ##
## ---------------- ##

ac_cv_build=x86_64-unknown-linux-gnu
ac_cv_c_compiler_gnu=yes
ac_cv_cxx_compiler_gnu=yes
ac_cv_env_CCC_set=
ac_cv_env_CCC_value=
ac_cv_env_CC_set=
ac_cv_env_CC_value=
ac_cv_env_CFLAGS_set=
ac_cv_env_CFLAGS_value=
ac_cv_env_CPPFLAGS_set=
ac_cv_env_CPPFLAGS_value=
ac_cv_env_CPP_set=
ac_cv_env_CPP_value=
ac_cv_env_CXXCPP_set=
ac_cv_env_CXXCPP_value=
ac_cv_env_CXXFLAGS_set=
ac_cv_env_CXXFLAGS_value=
ac_cv_env_CXX_set=
ac_cv_env_CXX_value=
ac_cv_env_LDFLAGS_set=
ac_cv_env_LDFLAGS_value=
ac_cv_env_LIBS_set=
ac_cv_env_LIBS_value=
ac_cv_env_build_alias_set=
ac_cv_env_build_alias_value=
ac_cv_env_host_alias_set=
ac_cv_env_host_alias_value=
ac_cv_env_target_alias_set=
ac_cv_env_target_alias_value=
ac_cv_func_getcwd=yes
ac_cv_func_malloc_0_nonnull=no
ac_cv_func_pathconf=yes
ac_cv_func_realloc_0_nonnull=no
ac_cv_func_rint=yes
ac_cv_func_setenv=yes
ac_cv_func_strchr=yes
ac_cv_func_strdup=yes
ac_cv_func_strstr=yes
ac_cv_header_dlfcn_h=yes
ac_cv_header_gd_h=yes
ac_cv_header_inttypes_h=yes
ac_cv_header_memory_h=yes
ac_cv_header_stdbool_h=yes
ac_cv_header_stdc=yes
ac_cv_header_stdint_h=yes
ac_cv_header_stdlib_h=yes
ac_cv_header_string_h=yes
ac_cv_header_strings_h=yes
ac_cv_header_sys_stat_h=yes
ac_cv_header_sys_types_h=yes
ac_cv_header_unistd_h=yes
ac_cv_host=x86_64-unknown-linux-gnu
ac_cv_lib_bios_needMem=yes
ac_cv_lib_gd_gdImageCreate=yes
ac_cv_lib_gd_gdImageGif=yes
ac_cv_lib_gd_gdImageJpeg=yes
ac_cv_lib_gd_gdImagePng=yes
ac_cv_lib_gsl_gsl_ran_hypergeometric_pdf=yes
ac_cv_lib_gslcblas_cblas_dgemm=yes
ac_cv_lib_m_log=yes
ac_cv_lib_mrf_mrf_init=yes
ac_cv_objext=o
ac_cv_path_EGREP='/bin/grep -E'
ac_cv_path_FGREP='/bin/grep -F'
ac_cv_path_GDLIB_CONFIG=/usr/bin/gdlib-config
ac_cv_path_GREP=/bin/grep
ac_cv_path_ROOTCINT=/usr/bin/rootcint
ac_cv_path_ROOTCONF=/usr/bin/root-config
ac_cv_path_ROOTEXEC=/usr/bin/root
ac_cv_path_SED=/bin/sed
ac_cv_path_install='/usr/bin/install -c'
ac_cv_path_mkdir=/bin/mkdir
ac_cv_prog_AWK=gawk
ac_cv_prog_CPP='gcc -E'
ac_cv_prog_CXXCPP='g++ -E'
ac_cv_prog_ac_ct_AR=ar
ac_cv_prog_ac_ct_CC=gcc
ac_cv_prog_ac_ct_CXX=g++
ac_cv_prog_ac_ct_OBJDUMP=objdump
ac_cv_prog_ac_ct_RANLIB=ranlib
ac_cv_prog_ac_ct_STRIP=strip
ac_cv_prog_cc_c89=
ac_cv_prog_cc_g=yes
ac_cv_prog_cxx_g=yes
ac_cv_prog_make_make_set=yes
ac_cv_type__Bool=yes
ac_cv_type_size_t=yes
am_cv_CC_dependencies_compiler_type=gcc3
am_cv_CXX_dependencies_compiler_type=gcc3
lt_cv_deplibs_check_method=pass_all
lt_cv_file_magic_cmd='$MAGIC_CMD'
lt_cv_file_magic_test_file=
lt_cv_ld_reload_flag=-r
lt_cv_nm_interface='BSD nm'
lt_cv_objdir=.libs
lt_cv_path_LD=/usr/bin/ld
lt_cv_path_LDCXX='/usr/bin/ld -m elf_x86_64'
lt_cv_path_NM='/usr/bin/nm -B'
lt_cv_prog_compiler_c_o=yes
lt_cv_prog_compiler_c_o_CXX=yes
lt_cv_prog_compiler_pic_works=yes
lt_cv_prog_compiler_pic_works_CXX=yes
lt_cv_prog_compiler_rtti_exceptions=no
lt_cv_prog_compiler_static_works=yes
lt_cv_prog_compiler_static_works_CXX=yes
lt_cv_prog_gnu_ld=yes
lt_cv_prog_gnu_ldcxx=yes
lt_cv_sys_global_symbol_pipe='sed -n -e '\''s/^.*[	 ]\([ABCDGIRSTW][ABCDGIRSTW]*\)[	 ][	 ]*\([_A-Za-z][_A-Za-z0-9]*\)$/\1 \2 \2/p'\'''
lt_cv_sys_global_symbol_to_c_name_address='sed -n -e '\''s/^: \([^ ]*\) $/  {\"\1\", (void *) 0},/p'\'' -e '\''s/^[ABCDGIRSTW]* \([^ ]*\) \([^ ]*\)$/  {"\2", (void *) \&\2},/p'\'''
lt_cv_sys_global_symbol_to_c_name_address_lib_prefix='sed -n -e '\''s/^: \([^ ]*\) $/  {\"\1\", (void *) 0},/p'\'' -e '\''s/^[ABCDGIRSTW]* \([^ ]*\) \(lib[^ ]*\)$/  {"\2", (void *) \&\2},/p'\'' -e '\''s/^[ABCDGIRSTW]* \([^ ]*\) \([^ ]*\)$/  {"lib\2", (void *) \&\2},/p'\'''
lt_cv_sys_global_symbol_to_cdecl='sed -n -e '\''s/^T .* \(.*\)$/extern int \1();/p'\'' -e '\''s/^[ABCDGIRSTW]* .* \(.*\)$/extern char \1;/p'\'''
lt_cv_sys_max_cmd_len=3458764513820540925

## ----------------- ##
## Output variables. ##
## ----------------- ##

ACLOCAL='${SHELL} /home/dzc/Work/bioinfo/fusionSeq/missing --run aclocal-1.11'
AMDEPBACKSLASH='\'
AMDEP_FALSE='#'
AMDEP_TRUE=''
AMTAR='${SHELL} /home/dzc/Work/bioinfo/fusionSeq/missing --run tar'
AR='ar'
AUTOCONF='${SHELL} /home/dzc/Work/bioinfo/fusionSeq/missing --run autoconf'
AUTOHEADER='${SHELL} /home/dzc/Work/bioinfo/fusionSeq/missing --run autoheader'
AUTOMAKE='${SHELL} /home/dzc/Work/bioinfo/fusionSeq/missing --run automake-1.11'
AWK='gawk'
CC='gcc'
CCDEPMODE='depmode=gcc3'
CFLAGS='-g -O2'
CPP='gcc -E'
CPPFLAGS=''
CXX='g++'
CXXCPP='g++ -E'
CXXDEPMODE='depmode=gcc3'
CXXFLAGS='-g -O2'
CYGPATH_W='echo'
DEFS='-DHAVE_CONFIG_H'
DEPDIR='.deps'
DSYMUTIL=''
DUMPBIN=''
ECHO_C=''
ECHO_N='-n'
ECHO_T=''
EGREP='/bin/grep -E'
EXEEXT=''
FGREP='/bin/grep -F'
GDLIB_CONFIG='/usr/bin/gdlib-config'
GD_CFLAGS='-I/usr/include'
GD_LDFLAGS='-L/usr/lib -Wl,-Bsymbolic-functions'
GD_LIBS='-lgd -lXpm -lX11 -ljpeg -lfontconfig -lfreetype -lpng12 -lz -lm'
GREP='/bin/grep'
INSTALL_DATA='${INSTALL} -m 644'
INSTALL_PROGRAM='${INSTALL}'
INSTALL_SCRIPT='${INSTALL}'
INSTALL_STRIP_PROGRAM='$(install_sh) -c -s'
LD='/usr/bin/ld -m elf_x86_64'
LDFLAGS=''
LIBOBJS=' ${LIBOBJDIR}malloc$U.o ${LIBOBJDIR}realloc$U.o'
LIBS='-lmrf -lbios -lgsl -lgslcblas -lm '
LIBTOOL='$(SHELL) $(top_builddir)/libtool'
LIPO=''
LN_S='ln -s'
LTLIBOBJS=' ${LIBOBJDIR}malloc$U.lo ${LIBOBJDIR}realloc$U.lo'
MAKEINFO='${SHELL} /home/dzc/Work/bioinfo/fusionSeq/missing --run makeinfo'
MKDIR_P='/bin/mkdir -p'
NM='/usr/bin/nm -B'
NMEDIT=''
OBJDUMP='objdump'
OBJEXT='o'
OTOOL64=''
OTOOL=''
PACKAGE='fusionseq'
PACKAGE_BUGREPORT='david.chen@yale.edu'
PACKAGE_NAME='fusionseq'
PACKAGE_STRING='fusionseq 0.7.0'
PACKAGE_TARNAME='fusionseq'
PACKAGE_URL=''
PACKAGE_VERSION='0.7.0'
PATH_SEPARATOR=':'
RANLIB='ranlib'
ROOTAUXCFLAGS='-pthread -m64'
ROOTAUXLIBS='-pthread -lm -ldl -rdynamic'
ROOTCFLAGS='-I/usr/include/root'
ROOTCINT='/usr/bin/rootcint'
ROOTCONF='/usr/bin/root-config'
ROOTEXEC='/usr/bin/root'
ROOTGLIBS='-lCore -lCint -lRIO -lNet -lHist -lGraf -lGraf3d -lGpad -lTree -lRint -lPostscript -lMatrix -lPhysics -lz -lGui'
ROOTINCDIR='/usr/include/root'
ROOTLIBDIR='/usr/lib/root'
ROOTLIBS='-lCore -lCint -lRIO -lNet -lHist -lGraf -lGraf3d -lGpad -lTree -lRint -lPostscript -lMatrix -lPhysics -lz'
ROOTRPATH='/usr/lib/root'
ROOTSOVERSION='5.18'
ROOTVERSION='5.18/00b'
SED='/bin/sed'
SET_MAKE=''
SHELL='/bin/bash'
STRIP='strip'
VERSION='0.7.0'
ac_ct_CC='gcc'
ac_ct_CXX='g++'
ac_ct_DUMPBIN=''
am__EXEEXT_FALSE=''
am__EXEEXT_TRUE='#'
am__fastdepCC_FALSE='#'
am__fastdepCC_TRUE=''
am__fastdepCXX_FALSE='#'
am__fastdepCXX_TRUE=''
am__include='include'
am__isrc=''
am__leading_dot='.'
am__quote=''
am__tar='${AMTAR} chof - "$$tardir"'
am__untar='${AMTAR} xf -'
bindir='${exec_prefix}/bin'
build='x86_64-unknown-linux-gnu'
build_alias=''
build_cpu='x86_64'
build_os='linux-gnu'
build_vendor='unknown'
datadir='${datarootdir}'
datarootdir='${prefix}/share'
docdir='${datarootdir}/doc/${PACKAGE_TARNAME}'
dvidir='${docdir}'
exec_prefix='${prefix}'
host='x86_64-unknown-linux-gnu'
host_alias=''
host_cpu='x86_64'
host_os='linux-gnu'
host_vendor='unknown'
htmldir='${docdir}'
includedir='${prefix}/include'
infodir='${datarootdir}/info'
install_sh='${SHELL} /home/dzc/Work/bioinfo/fusionSeq/install-sh'
libdir='${exec_prefix}/lib'
libexecdir='${exec_prefix}/libexec'
localedir='${datarootdir}/locale'
localstatedir='${prefix}/var'
lt_ECHO='echo'
mandir='${datarootdir}/man'
mkdir_p='/bin/mkdir -p'
oldincludedir='/usr/include'
pdfdir='${docdir}'
prefix='/usr/local'
program_transform_name='s,x,x,'
psdir='${docdir}'
sbindir='${exec_prefix}/sbin'
sharedstatedir='${prefix}/com'
sysconfdir='${prefix}/etc'
target_alias=''

## ----------- ##
## confdefs.h. ##
## ----------- ##

/* confdefs.h */
#define PACKAGE_NAME "fusionseq"
#define PACKAGE_TARNAME "fusionseq"
#define PACKAGE_VERSION "0.7.0"
#define PACKAGE_STRING "fusionseq 0.7.0"
#define PACKAGE_BUGREPORT "david.chen@yale.edu"
#define PACKAGE_URL ""
#define PACKAGE "fusionseq"
#define VERSION "0.7.0"
#define STDC_HEADERS 1
#define HAVE_SYS_TYPES_H 1
#define HAVE_SYS_STAT_H 1
#define HAVE_STDLIB_H 1
#define HAVE_STRING_H 1
#define HAVE_MEMORY_H 1
#define HAVE_STRINGS_H 1
#define HAVE_INTTYPES_H 1
#define HAVE_STDINT_H 1
#define HAVE_UNISTD_H 1
#define HAVE_DLFCN_H 1
#define LT_OBJDIR ".libs/"
#define HAVE_LIBM 1
#define HAVE_LIBGSLCBLAS 1
#define HAVE_LIBGSL 1
#define HAVE_LIBBIOS 1
#define HAVE_LIBMRF 1
#define HAVE_GD 1
#define HAVE_GD_GIF 1
#define HAVE_GD_JPEG 1
#define HAVE_GD_PNG 1
#define HAVE_STDLIB_H 1
#define HAVE_STRING_H 1
#define HAVE_UNISTD_H 1
#define HAVE_GD_H 1
#define HAVE__BOOL 1
#define HAVE_STDBOOL_H 1
#define HAVE_STDLIB_H 1
#define HAVE_MALLOC 0
#define malloc rpl_malloc
#define HAVE_STDLIB_H 1
#define HAVE_REALLOC 0
#define realloc rpl_realloc
#define HAVE_GETCWD 1
#define HAVE_PATHCONF 1
#define HAVE_RINT 1
#define HAVE_SETENV 1
#define HAVE_STRCHR 1
#define HAVE_STRDUP 1
#define HAVE_STRSTR 1

configure: exit 0

## ---------------------- ##
## Running config.status. ##
## ---------------------- ##

This file was extended by fusionseq config.status 0.7.0, which was
generated by GNU Autoconf 2.67.  Invocation command line was

  CONFIG_FILES    = 
  CONFIG_HEADERS  = 
  CONFIG_LINKS    = 
  CONFIG_COMMANDS = 
  $ ./config.status 

on crown

config.status:1176: creating Makefile
config.status:1176: creating src/Makefile
config.status:1176: creating config.h
config.status:1404: executing depfiles commands
config.status:1404: executing libtool commands

## ---------------------- ##
## Running config.status. ##
## ---------------------- ##

This file was extended by fusionseq config.status 0.7.0, which was
generated by GNU Autoconf 2.67.  Invocation command line was

  CONFIG_FILES    = 
  CONFIG_HEADERS  = 
  CONFIG_LINKS    = 
  CONFIG_COMMANDS = 
  $ ./config.status config.h

on crown

config.status:1176: creating config.h

## ---------------------- ##
## Running config.status. ##
## ---------------------- ##

This file was extended by fusionseq config.status 0.7.0, which was
generated by GNU Autoconf 2.67.  Invocation command line was

  CONFIG_FILES    = 
  CONFIG_HEADERS  = 
  CONFIG_LINKS    = 
  CONFIG_COMMANDS = 
  $ ./config.status src/Makefile depfiles

on crown

config.status:1176: creating src/Makefile
config.status:1404: executing depfiles commands

## ---------------------- ##
## Running config.status. ##
## ---------------------- ##

This file was extended by fusionseq config.status 0.7.0, which was
generated by GNU Autoconf 2.67.  Invocation command line was

  CONFIG_FILES    = 
  CONFIG_HEADERS  = 
  CONFIG_LINKS    = 
  CONFIG_COMMANDS = 
  $ ./config.status src/Makefile depfiles

on crown

config.status:1176: creating src/Makefile
config.status:1404: executing depfiles commands
